<?xml version="1.0" encoding="UTF-8"?>
<!-- Generated by org.testng.reporters.JUnitReportReporter -->
<testsuite hostname="DESKTOP-3P90NIA" failures="0" tests="1" name="RestAssured.PutRequest" time="1.518" errors="0" timestamp="28 Jul 2022 15:33:35 GMT" skipped="0">
  <testcase classname="RestAssured.PutRequest" name="putId" time="1.518"/>
</testsuite> <!-- RestAssured.PutRequest -->
