<?xml version="1.0" encoding="UTF-8"?>
<!-- Generated by org.testng.reporters.JUnitReportReporter -->
<testsuite hostname="DESKTOP-3P90NIA" failures="0" tests="4" name="under_maven.Annotations1" time="0.011" errors="0" timestamp="17 Aug 2022 13:26:03 GMT" skipped="0">
  <testcase classname="under_maven.Annotations1" name="validtest" time="0.006"/>
  <testcase classname="under_maven.Annotations1" name="yellowtest" time="0.002"/>
  <testcase classname="under_maven.Annotations1" name="executiontest" time="0.001"/>
  <testcase classname="under_maven.Annotations1" name="logintest" time="0.002"/>
</testsuite> <!-- under_maven.Annotations1 -->
