<?xml version="1.0" encoding="UTF-8"?>
<!-- Generated by org.testng.reporters.JUnitReportReporter -->
<testsuite hostname="DESKTOP-3P90NIA" failures="0" tests="1" name="under_maven.cricin" time="8.650" errors="0" timestamp="25 Jul 2022 14:44:00 GMT" skipped="0">
  <testcase classname="under_maven.cricin" name="cricInfo" time="8.650"/>
</testsuite> <!-- under_maven.cricin -->
