<?xml version="1.0" encoding="UTF-8"?>
<!-- Generated by org.testng.reporters.JUnitReportReporter -->
<testsuite hostname="DESKTOP-3P90NIA" failures="0" tests="1" name="RestAssured.DeleteRequest" time="1.452" errors="0" timestamp="28 Jul 2022 14:01:56 GMT" skipped="0">
  <testcase classname="RestAssured.DeleteRequest" name="deleteId" time="1.452"/>
</testsuite> <!-- RestAssured.DeleteRequest -->
