<?xml version="1.0" encoding="UTF-8"?>
<!-- Generated by org.testng.reporters.JUnitReportReporter -->
<testsuite hostname="DESKTOP-3P90NIA" failures="0" tests="1" name="RestAssured.GetRequestId" time="2.295" errors="0" timestamp="28 Jul 2022 14:00:55 GMT" skipped="0">
  <testcase classname="RestAssured.GetRequestId" name="getId" time="2.295"/>
</testsuite> <!-- RestAssured.GetRequestId -->
