<?xml version="1.0" encoding="UTF-8"?>
<!-- Generated by org.testng.reporters.JUnitReportReporter -->
<testsuite hostname="DESKTOP-3P90NIA" failures="0" tests="1" name="RestAssured.PostRequest" time="3.165" errors="0" timestamp="28 Jul 2022 13:51:51 GMT" skipped="0">
  <testcase classname="RestAssured.PostRequest" name="postId" time="3.165"/>
</testsuite> <!-- RestAssured.PostRequest -->
