<?xml version="1.0" encoding="UTF-8"?>
<!-- Generated by org.testng.reporters.JUnitReportReporter -->
<testsuite hostname="DESKTOP-3P90NIA" failures="0" tests="1" name="under_maven.TestngScreenShot" time="19.388" errors="0" timestamp="20 Jul 2022 18:32:02 GMT" skipped="0">
  <testcase classname="under_maven.TestngScreenShot" name="login" time="19.388"/>
</testsuite> <!-- under_maven.TestngScreenShot -->
