<?xml version="1.0" encoding="UTF-8"?>
<!-- Generated by org.testng.reporters.JUnitReportReporter -->
<testsuite hostname="DESKTOP-3P90NIA" failures="0" tests="4" name="under_maven.FirstTestng" time="0.010" errors="0" timestamp="16 Aug 2022 14:01:17 GMT" skipped="0">
  <testcase classname="under_maven.FirstTestng" name="display" time="0.001"/>
  <testcase classname="under_maven.FirstTestng" name="show" time="0.001"/>
  <testcase classname="under_maven.FirstTestng" name="action" time="0.007"/>
  <testcase classname="under_maven.FirstTestng" name="priority" time="0.001"/>
</testsuite> <!-- under_maven.FirstTestng -->
