<?xml version="1.0" encoding="UTF-8"?>
<!-- Generated by org.testng.reporters.JUnitReportReporter -->
<testsuite hostname="DESKTOP-3P90NIA" failures="0" tests="1" name="under_maven.FlipkartMenuCount" time="20.664" errors="0" timestamp="25 Jul 2022 15:06:07 GMT" skipped="0">
  <testcase classname="under_maven.FlipkartMenuCount" name="mainMenu" time="20.664"/>
</testsuite> <!-- under_maven.FlipkartMenuCount -->
