<?xml version="1.0" encoding="UTF-8"?>
<!-- Generated by org.testng.reporters.JUnitReportReporter -->
<testsuite hostname="DESKTOP-3P90NIA" failures="0" tests="1" name="under_maven.TestAnnotation" time="0.005" errors="0" timestamp="19 Jul 2022 13:41:58 GMT" skipped="0">
  <testcase classname="under_maven.TestAnnotation" name="display" time="0.005"/>
</testsuite> <!-- under_maven.TestAnnotation -->
