<?xml version="1.0" encoding="UTF-8"?>
<!-- Generated by org.testng.reporters.JUnitReportReporter -->
<testsuite hostname="DESKTOP-3P90NIA" failures="0" tests="2" name="under_maven.BeforeAftertest" time="0.002" errors="0" timestamp="19 Jul 2022 13:41:58 GMT" skipped="0">
  <testcase classname="under_maven.BeforeAftertest" name="purchaseOnline" time="0.001"/>
  <testcase classname="under_maven.BeforeAftertest" name="paymentOption" time="0.001"/>
</testsuite> <!-- under_maven.BeforeAftertest -->
