<?xml version="1.0" encoding="UTF-8"?>
<!-- Generated by org.testng.reporters.JUnitReportReporter -->
<testsuite hostname="DESKTOP-3P90NIA" failures="0" tests="1" name="under_maven.TestClass" time="0.002" errors="0" timestamp="16 Aug 2022 14:01:17 GMT" skipped="0">
  <testcase classname="under_maven.TestClass" name="anothermethod" time="0.002"/>
</testsuite> <!-- under_maven.TestClass -->
