<?xml version="1.0" encoding="UTF-8"?>
<!-- Generated by org.testng.reporters.JUnitReportReporter -->
<testsuite hostname="DESKTOP-3P90NIA" failures="0" tests="2" name="utilities.DataDriven" time="18.080" errors="0" timestamp="27 Jul 2022 13:48:33 GMT" skipped="0">
  <testcase classname="utilities.DataDriven" name="logintest" time="9.675"/>
  <testcase classname="utilities.DataDriven" name="logintest" time="8.405"/>
</testsuite> <!-- utilities.DataDriven -->
