<?xml version="1.0" encoding="UTF-8"?>
<!-- Generated by org.testng.reporters.JUnitReportReporter -->
<testsuite hostname="DESKTOP-3P90NIA" failures="0" tests="1" name="under_maven.gsmarena" time="7.167" errors="0" timestamp="25 Jul 2022 14:55:18 GMT" skipped="0">
  <testcase classname="under_maven.gsmarena" name="phonemenu" time="7.167"/>
</testsuite> <!-- under_maven.gsmarena -->
