<?xml version="1.0" encoding="UTF-8"?>
<!-- Generated by org.testng.reporters.JUnitReportReporter -->
<testsuite hostname="DESKTOP-3P90NIA" failures="0" tests="2" name="under_maven.BeforeAfterMethod" time="0.011" errors="0" timestamp="19 Jul 2022 13:44:06 GMT" skipped="0">
  <testcase classname="under_maven.BeforeAfterMethod" name="purchaseOnline" time="0.005"/>
  <testcase classname="under_maven.BeforeAfterMethod" name="paymentOption" time="0.006"/>
</testsuite> <!-- under_maven.BeforeAfterMethod -->
