<?xml version="1.0" encoding="UTF-8"?>
<!-- Generated by org.testng.reporters.JUnitReportReporter -->
<testsuite hostname="DESKTOP-3P90NIA" failures="0" tests="1" name="RestAssured.GetRequest" time="1.738" errors="0" timestamp="28 Jul 2022 13:56:09 GMT" skipped="0">
  <testcase classname="RestAssured.GetRequest" name="getAll" time="1.738"/>
</testsuite> <!-- RestAssured.GetRequest -->
