<?xml version="1.0" encoding="UTF-8"?>
<!-- Generated by org.testng.reporters.JUnitReportReporter -->
<testsuite hostname="DESKTOP-3P90NIA" failures="0" tests="3" name="under_maven.TestNGFb" time="12.709" errors="0" timestamp="26 Jul 2022 12:06:54 GMT" skipped="0">
  <testcase classname="under_maven.TestNGFb" name="date" time="8.341"/>
  <testcase classname="under_maven.TestNGFb" name="month" time="0.772"/>
  <testcase classname="under_maven.TestNGFb" name="year" time="3.596"/>
</testsuite> <!-- under_maven.TestNGFb -->
